Arguments: 
  /Users/taitems/.asdf/installs/nodejs/12.14.0/bin/node /Users/taitems/.yarn/bin/yarn.js start

PATH: 
  /Users/taitems/.asdf/installs/nodejs/12.14.0/bin:/Users/taitems/.asdf/installs/nodejs/12.14.0/.npm/bin::/Users/taitems/.asdf/shims:/Users/taitems/.asdf/bin:/Users/taitems/.local/bin:/Users/taitems/.yarn/bin:/Users/taitems/.config/yarn/global/node_modules/.bin:/Users/taitems/.pyenv/shims:/usr/local/bin:/usr/bin:/bin:/usr/sbin:/sbin:/usr/local/munki:/Users/taitems/.local/bin:/Users/taitems/.yarn/bin:/Users/taitems/.config/yarn/global/node_modules/.bin:/Users/taitems/.pyenv/shims

Yarn version: 
  1.17.3

Node version: 
  12.14.0

Platform: 
  darwin x64

Trace: 
  SyntaxError: /Users/taitems/Projects/sparkled/sparkled-web/package.json: Unexpected token } in JSON at position 364
      at JSON.parse (<anonymous>)
      at /Users/taitems/.yarn/lib/cli.js:1625:59
      at Generator.next (<anonymous>)
      at step (/Users/taitems/.yarn/lib/cli.js:304:30)
      at /Users/taitems/.yarn/lib/cli.js:315:13

npm manifest: 
  {
    "name": "sparkled",
    "version": "1.0.0",
    "description": "",
    "main": "sparkled.js",
    "dependencies": {
      "axios": "^0.21.0",
      "express": "^4.17.1"
    },
    "devDependencies": {},
    "scripts": {
      "test": "echo \"Error: no test specified\" && exit 1",
      "start": "killall sparkled && sparkled.js",
      "restart": "killall sparkled && restart.js",
    },
    "author": "",
    "license": "ISC"
  }

yarn manifest: 
  No manifest

Lockfile: 
  No lockfile
